The system is: Linux - 3.10.0-1160.21.1.el7.x86_64 - x86_64
Compiling the C compiler identification source file "CMakeCCompilerId.c" succeeded.
Compiler: /packages/7x/gcc/gcc-9.3.0/bin/gcc 
Build flags: 
Id flags: 

The output was:
0


Compilation of the C compiler identification source "CMakeCCompilerId.c" produced "a.out"

The C compiler identification is GNU, found in "/scratch/sroy85/Software/oxDNA/build/CMakeFiles/2.8.12.2/CompilerIdC/a.out"

Compiling the CXX compiler identification source file "CMakeCXXCompilerId.cpp" succeeded.
Compiler: /packages/7x/gcc/gcc-9.3.0/bin/g++ 
Build flags: ;-D_FORCE_INLINES
Id flags: 

The output was:
0


Compilation of the CXX compiler identification source "CMakeCXXCompilerId.cpp" produced "a.out"

The CXX compiler identification is GNU, found in "/scratch/sroy85/Software/oxDNA/build/CMakeFiles/2.8.12.2/CompilerIdCXX/a.out"

Determining if the C compiler works passed with the following output:
Change Dir: /scratch/sroy85/Software/oxDNA/build/CMakeFiles/CMakeTmp

Run Build Command:/bin/gmake "cmTryCompileExec3644158174/fast"
/bin/gmake -f CMakeFiles/cmTryCompileExec3644158174.dir/build.make CMakeFiles/cmTryCompileExec3644158174.dir/build
gmake[1]: Entering directory `/scratch/sroy85/Software/oxDNA/build/CMakeFiles/CMakeTmp'
/usr/bin/cmake -E cmake_progress_report /scratch/sroy85/Software/oxDNA/build/CMakeFiles/CMakeTmp/CMakeFiles 1
Building C object CMakeFiles/cmTryCompileExec3644158174.dir/testCCompiler.c.o
/packages/7x/gcc/gcc-9.3.0/bin/gcc    -o CMakeFiles/cmTryCompileExec3644158174.dir/testCCompiler.c.o   -c /scratch/sroy85/Software/oxDNA/build/CMakeFiles/CMakeTmp/testCCompiler.c
Linking C executable cmTryCompileExec3644158174
/usr/bin/cmake -E cmake_link_script CMakeFiles/cmTryCompileExec3644158174.dir/link.txt --verbose=1
/packages/7x/gcc/gcc-9.3.0/bin/gcc       CMakeFiles/cmTryCompileExec3644158174.dir/testCCompiler.c.o  -o cmTryCompileExec3644158174 -rdynamic 
gmake[1]: Leaving directory `/scratch/sroy85/Software/oxDNA/build/CMakeFiles/CMakeTmp'


Detecting C compiler ABI info compiled with the following output:
Change Dir: /scratch/sroy85/Software/oxDNA/build/CMakeFiles/CMakeTmp

Run Build Command:/bin/gmake "cmTryCompileExec2873106123/fast"
/bin/gmake -f CMakeFiles/cmTryCompileExec2873106123.dir/build.make CMakeFiles/cmTryCompileExec2873106123.dir/build
gmake[1]: Entering directory `/scratch/sroy85/Software/oxDNA/build/CMakeFiles/CMakeTmp'
/usr/bin/cmake -E cmake_progress_report /scratch/sroy85/Software/oxDNA/build/CMakeFiles/CMakeTmp/CMakeFiles 1
Building C object CMakeFiles/cmTryCompileExec2873106123.dir/CMakeCCompilerABI.c.o
/packages/7x/gcc/gcc-9.3.0/bin/gcc    -o CMakeFiles/cmTryCompileExec2873106123.dir/CMakeCCompilerABI.c.o   -c /usr/share/cmake/Modules/CMakeCCompilerABI.c
Linking C executable cmTryCompileExec2873106123
/usr/bin/cmake -E cmake_link_script CMakeFiles/cmTryCompileExec2873106123.dir/link.txt --verbose=1
/packages/7x/gcc/gcc-9.3.0/bin/gcc     -v CMakeFiles/cmTryCompileExec2873106123.dir/CMakeCCompilerABI.c.o  -o cmTryCompileExec2873106123 -rdynamic  
Using built-in specs.
COLLECT_GCC=/packages/7x/gcc/gcc-9.3.0/bin/gcc
COLLECT_LTO_WRAPPER=/packages/7x/gcc/gcc-9.3.0/libexec/gcc/x86_64-pc-linux-gnu/9.3.0/lto-wrapper
Target: x86_64-pc-linux-gnu
Configured with: ../gcc-9.3.0/configure --prefix=/packages/7x/gcc/gcc-9.3.0 --enable-threads=posix --enable-shared --with-gnu-as --with-gnu-ld --enable-languages=c,c++,fortran --with-diagnostics-color=auto
Thread model: posix
gcc version 9.3.0 (GCC) 
COMPILER_PATH=/packages/7x/gcc/gcc-9.3.0/libexec/gcc/x86_64-pc-linux-gnu/9.3.0/:/packages/7x/gcc/gcc-9.3.0/libexec/gcc/x86_64-pc-linux-gnu/9.3.0/:/packages/7x/gcc/gcc-9.3.0/libexec/gcc/x86_64-pc-linux-gnu/:/packages/7x/gcc/gcc-9.3.0/lib/gcc/x86_64-pc-linux-gnu/9.3.0/:/packages/7x/gcc/gcc-9.3.0/lib/gcc/x86_64-pc-linux-gnu/
LIBRARY_PATH=/packages/7x/gcc/gcc-9.3.0/lib/gcc/x86_64-pc-linux-gnu/9.3.0/:/packages/7x/gcc/gcc-9.3.0/lib/gcc/x86_64-pc-linux-gnu/9.3.0/../../../../lib64/:/lib/../lib64/:/usr/lib/../lib64/:/packages/7x/gcc/gcc-9.3.0/lib/gcc/x86_64-pc-linux-gnu/9.3.0/../../../:/lib/:/usr/lib/
COLLECT_GCC_OPTIONS='-v' '-o' 'cmTryCompileExec2873106123' '-rdynamic' '-mtune=generic' '-march=x86-64'
 /packages/7x/gcc/gcc-9.3.0/libexec/gcc/x86_64-pc-linux-gnu/9.3.0/collect2 -plugin /packages/7x/gcc/gcc-9.3.0/libexec/gcc/x86_64-pc-linux-gnu/9.3.0/liblto_plugin.so -plugin-opt=/packages/7x/gcc/gcc-9.3.0/libexec/gcc/x86_64-pc-linux-gnu/9.3.0/lto-wrapper -plugin-opt=-fresolution=/tmp/ccDkZ9fL.res -plugin-opt=-pass-through=-lgcc -plugin-opt=-pass-through=-lgcc_s -plugin-opt=-pass-through=-lc -plugin-opt=-pass-through=-lgcc -plugin-opt=-pass-through=-lgcc_s --eh-frame-hdr -m elf_x86_64 -export-dynamic -dynamic-linker /lib64/ld-linux-x86-64.so.2 -o cmTryCompileExec2873106123 /lib/../lib64/crt1.o /lib/../lib64/crti.o /packages/7x/gcc/gcc-9.3.0/lib/gcc/x86_64-pc-linux-gnu/9.3.0/crtbegin.o -L/packages/7x/gcc/gcc-9.3.0/lib/gcc/x86_64-pc-linux-gnu/9.3.0 -L/packages/7x/gcc/gcc-9.3.0/lib/gcc/x86_64-pc-linux-gnu/9.3.0/../../../../lib64 -L/lib/../lib64 -L/usr/lib/../lib64 -L/packages/7x/gcc/gcc-9.3.0/lib/gcc/x86_64-pc-linux-gnu/9.3.0/../../.. CMakeFiles/cmTryCompileExec2873106123.dir/CMakeCCompilerABI.c.o -lgcc --as-needed -lgcc_s --no-as-needed -lc -lgcc --as-needed -lgcc_s --no-as-needed /packages/7x/gcc/gcc-9.3.0/lib/gcc/x86_64-pc-linux-gnu/9.3.0/crtend.o /lib/../lib64/crtn.o
COLLECT_GCC_OPTIONS='-v' '-o' 'cmTryCompileExec2873106123' '-rdynamic' '-mtune=generic' '-march=x86-64'
gmake[1]: Leaving directory `/scratch/sroy85/Software/oxDNA/build/CMakeFiles/CMakeTmp'


Parsed C implicit link information from above output:
  link line regex: [^( *|.*[/\])(ld|([^/\]+-)?ld|collect2)[^/\]*( |$)]
  ignore line: [Change Dir: /scratch/sroy85/Software/oxDNA/build/CMakeFiles/CMakeTmp]
  ignore line: []
  ignore line: [Run Build Command:/bin/gmake "cmTryCompileExec2873106123/fast"]
  ignore line: [/bin/gmake -f CMakeFiles/cmTryCompileExec2873106123.dir/build.make CMakeFiles/cmTryCompileExec2873106123.dir/build]
  ignore line: [gmake[1]: Entering directory `/scratch/sroy85/Software/oxDNA/build/CMakeFiles/CMakeTmp']
  ignore line: [/usr/bin/cmake -E cmake_progress_report /scratch/sroy85/Software/oxDNA/build/CMakeFiles/CMakeTmp/CMakeFiles 1]
  ignore line: [Building C object CMakeFiles/cmTryCompileExec2873106123.dir/CMakeCCompilerABI.c.o]
  ignore line: [/packages/7x/gcc/gcc-9.3.0/bin/gcc    -o CMakeFiles/cmTryCompileExec2873106123.dir/CMakeCCompilerABI.c.o   -c /usr/share/cmake/Modules/CMakeCCompilerABI.c]
  ignore line: [Linking C executable cmTryCompileExec2873106123]
  ignore line: [/usr/bin/cmake -E cmake_link_script CMakeFiles/cmTryCompileExec2873106123.dir/link.txt --verbose=1]
  ignore line: [/packages/7x/gcc/gcc-9.3.0/bin/gcc     -v CMakeFiles/cmTryCompileExec2873106123.dir/CMakeCCompilerABI.c.o  -o cmTryCompileExec2873106123 -rdynamic  ]
  ignore line: [Using built-in specs.]
  ignore line: [COLLECT_GCC=/packages/7x/gcc/gcc-9.3.0/bin/gcc]
  ignore line: [COLLECT_LTO_WRAPPER=/packages/7x/gcc/gcc-9.3.0/libexec/gcc/x86_64-pc-linux-gnu/9.3.0/lto-wrapper]
  ignore line: [Target: x86_64-pc-linux-gnu]
  ignore line: [Configured with: ../gcc-9.3.0/configure --prefix=/packages/7x/gcc/gcc-9.3.0 --enable-threads=posix --enable-shared --with-gnu-as --with-gnu-ld --enable-languages=c,c++,fortran --with-diagnostics-color=auto]
  ignore line: [Thread model: posix]
  ignore line: [gcc version 9.3.0 (GCC) ]
  ignore line: [COMPILER_PATH=/packages/7x/gcc/gcc-9.3.0/libexec/gcc/x86_64-pc-linux-gnu/9.3.0/:/packages/7x/gcc/gcc-9.3.0/libexec/gcc/x86_64-pc-linux-gnu/9.3.0/:/packages/7x/gcc/gcc-9.3.0/libexec/gcc/x86_64-pc-linux-gnu/:/packages/7x/gcc/gcc-9.3.0/lib/gcc/x86_64-pc-linux-gnu/9.3.0/:/packages/7x/gcc/gcc-9.3.0/lib/gcc/x86_64-pc-linux-gnu/]
  ignore line: [LIBRARY_PATH=/packages/7x/gcc/gcc-9.3.0/lib/gcc/x86_64-pc-linux-gnu/9.3.0/:/packages/7x/gcc/gcc-9.3.0/lib/gcc/x86_64-pc-linux-gnu/9.3.0/../../../../lib64/:/lib/../lib64/:/usr/lib/../lib64/:/packages/7x/gcc/gcc-9.3.0/lib/gcc/x86_64-pc-linux-gnu/9.3.0/../../../:/lib/:/usr/lib/]
  ignore line: [COLLECT_GCC_OPTIONS='-v' '-o' 'cmTryCompileExec2873106123' '-rdynamic' '-mtune=generic' '-march=x86-64']
  link line: [ /packages/7x/gcc/gcc-9.3.0/libexec/gcc/x86_64-pc-linux-gnu/9.3.0/collect2 -plugin /packages/7x/gcc/gcc-9.3.0/libexec/gcc/x86_64-pc-linux-gnu/9.3.0/liblto_plugin.so -plugin-opt=/packages/7x/gcc/gcc-9.3.0/libexec/gcc/x86_64-pc-linux-gnu/9.3.0/lto-wrapper -plugin-opt=-fresolution=/tmp/ccDkZ9fL.res -plugin-opt=-pass-through=-lgcc -plugin-opt=-pass-through=-lgcc_s -plugin-opt=-pass-through=-lc -plugin-opt=-pass-through=-lgcc -plugin-opt=-pass-through=-lgcc_s --eh-frame-hdr -m elf_x86_64 -export-dynamic -dynamic-linker /lib64/ld-linux-x86-64.so.2 -o cmTryCompileExec2873106123 /lib/../lib64/crt1.o /lib/../lib64/crti.o /packages/7x/gcc/gcc-9.3.0/lib/gcc/x86_64-pc-linux-gnu/9.3.0/crtbegin.o -L/packages/7x/gcc/gcc-9.3.0/lib/gcc/x86_64-pc-linux-gnu/9.3.0 -L/packages/7x/gcc/gcc-9.3.0/lib/gcc/x86_64-pc-linux-gnu/9.3.0/../../../../lib64 -L/lib/../lib64 -L/usr/lib/../lib64 -L/packages/7x/gcc/gcc-9.3.0/lib/gcc/x86_64-pc-linux-gnu/9.3.0/../../.. CMakeFiles/cmTryCompileExec2873106123.dir/CMakeCCompilerABI.c.o -lgcc --as-needed -lgcc_s --no-as-needed -lc -lgcc --as-needed -lgcc_s --no-as-needed /packages/7x/gcc/gcc-9.3.0/lib/gcc/x86_64-pc-linux-gnu/9.3.0/crtend.o /lib/../lib64/crtn.o]
    arg [/packages/7x/gcc/gcc-9.3.0/libexec/gcc/x86_64-pc-linux-gnu/9.3.0/collect2] ==> ignore
    arg [-plugin] ==> ignore
    arg [/packages/7x/gcc/gcc-9.3.0/libexec/gcc/x86_64-pc-linux-gnu/9.3.0/liblto_plugin.so] ==> ignore
    arg [-plugin-opt=/packages/7x/gcc/gcc-9.3.0/libexec/gcc/x86_64-pc-linux-gnu/9.3.0/lto-wrapper] ==> ignore
    arg [-plugin-opt=-fresolution=/tmp/ccDkZ9fL.res] ==> ignore
    arg [-plugin-opt=-pass-through=-lgcc] ==> ignore
    arg [-plugin-opt=-pass-through=-lgcc_s] ==> ignore
    arg [-plugin-opt=-pass-through=-lc] ==> ignore
    arg [-plugin-opt=-pass-through=-lgcc] ==> ignore
    arg [-plugin-opt=-pass-through=-lgcc_s] ==> ignore
    arg [--eh-frame-hdr] ==> ignore
    arg [-m] ==> ignore
    arg [elf_x86_64] ==> ignore
    arg [-export-dynamic] ==> ignore
    arg [-dynamic-linker] ==> ignore
    arg [/lib64/ld-linux-x86-64.so.2] ==> ignore
    arg [-o] ==> ignore
    arg [cmTryCompileExec2873106123] ==> ignore
    arg [/lib/../lib64/crt1.o] ==> ignore
    arg [/lib/../lib64/crti.o] ==> ignore
    arg [/packages/7x/gcc/gcc-9.3.0/lib/gcc/x86_64-pc-linux-gnu/9.3.0/crtbegin.o] ==> ignore
    arg [-L/packages/7x/gcc/gcc-9.3.0/lib/gcc/x86_64-pc-linux-gnu/9.3.0] ==> dir [/packages/7x/gcc/gcc-9.3.0/lib/gcc/x86_64-pc-linux-gnu/9.3.0]
    arg [-L/packages/7x/gcc/gcc-9.3.0/lib/gcc/x86_64-pc-linux-gnu/9.3.0/../../../../lib64] ==> dir [/packages/7x/gcc/gcc-9.3.0/lib/gcc/x86_64-pc-linux-gnu/9.3.0/../../../../lib64]
    arg [-L/lib/../lib64] ==> dir [/lib/../lib64]
    arg [-L/usr/lib/../lib64] ==> dir [/usr/lib/../lib64]
    arg [-L/packages/7x/gcc/gcc-9.3.0/lib/gcc/x86_64-pc-linux-gnu/9.3.0/../../..] ==> dir [/packages/7x/gcc/gcc-9.3.0/lib/gcc/x86_64-pc-linux-gnu/9.3.0/../../..]
    arg [CMakeFiles/cmTryCompileExec2873106123.dir/CMakeCCompilerABI.c.o] ==> ignore
    arg [-lgcc] ==> lib [gcc]
    arg [--as-needed] ==> ignore
    arg [-lgcc_s] ==> lib [gcc_s]
    arg [--no-as-needed] ==> ignore
    arg [-lc] ==> lib [c]
    arg [-lgcc] ==> lib [gcc]
    arg [--as-needed] ==> ignore
    arg [-lgcc_s] ==> lib [gcc_s]
    arg [--no-as-needed] ==> ignore
    arg [/packages/7x/gcc/gcc-9.3.0/lib/gcc/x86_64-pc-linux-gnu/9.3.0/crtend.o] ==> ignore
    arg [/lib/../lib64/crtn.o] ==> ignore
  remove lib [gcc]
  remove lib [gcc_s]
  remove lib [gcc]
  remove lib [gcc_s]
  collapse library dir [/packages/7x/gcc/gcc-9.3.0/lib/gcc/x86_64-pc-linux-gnu/9.3.0] ==> [/packages/7x/gcc/gcc-9.3.0/lib/gcc/x86_64-pc-linux-gnu/9.3.0]
  collapse library dir [/packages/7x/gcc/gcc-9.3.0/lib/gcc/x86_64-pc-linux-gnu/9.3.0/../../../../lib64] ==> [/packages/7x/gcc/gcc-9.3.0/lib64]
  collapse library dir [/lib/../lib64] ==> [/lib64]
  collapse library dir [/usr/lib/../lib64] ==> [/usr/lib64]
  collapse library dir [/packages/7x/gcc/gcc-9.3.0/lib/gcc/x86_64-pc-linux-gnu/9.3.0/../../..] ==> [/packages/7x/gcc/gcc-9.3.0/lib]
  implicit libs: [c]
  implicit dirs: [/packages/7x/gcc/gcc-9.3.0/lib/gcc/x86_64-pc-linux-gnu/9.3.0;/packages/7x/gcc/gcc-9.3.0/lib64;/lib64;/usr/lib64;/packages/7x/gcc/gcc-9.3.0/lib]
  implicit fwks: []


Determining if the CXX compiler works passed with the following output:
Change Dir: /scratch/sroy85/Software/oxDNA/build/CMakeFiles/CMakeTmp

Run Build Command:/bin/gmake "cmTryCompileExec1917435918/fast"
/bin/gmake -f CMakeFiles/cmTryCompileExec1917435918.dir/build.make CMakeFiles/cmTryCompileExec1917435918.dir/build
gmake[1]: Entering directory `/scratch/sroy85/Software/oxDNA/build/CMakeFiles/CMakeTmp'
/usr/bin/cmake -E cmake_progress_report /scratch/sroy85/Software/oxDNA/build/CMakeFiles/CMakeTmp/CMakeFiles 1
Building CXX object CMakeFiles/cmTryCompileExec1917435918.dir/testCXXCompiler.cxx.o
/packages/7x/gcc/gcc-9.3.0/bin/g++     -o CMakeFiles/cmTryCompileExec1917435918.dir/testCXXCompiler.cxx.o -c /scratch/sroy85/Software/oxDNA/build/CMakeFiles/CMakeTmp/testCXXCompiler.cxx
Linking CXX executable cmTryCompileExec1917435918
/usr/bin/cmake -E cmake_link_script CMakeFiles/cmTryCompileExec1917435918.dir/link.txt --verbose=1
/packages/7x/gcc/gcc-9.3.0/bin/g++        CMakeFiles/cmTryCompileExec1917435918.dir/testCXXCompiler.cxx.o  -o cmTryCompileExec1917435918 -rdynamic 
gmake[1]: Leaving directory `/scratch/sroy85/Software/oxDNA/build/CMakeFiles/CMakeTmp'


Detecting CXX compiler ABI info compiled with the following output:
Change Dir: /scratch/sroy85/Software/oxDNA/build/CMakeFiles/CMakeTmp

Run Build Command:/bin/gmake "cmTryCompileExec2643231721/fast"
/bin/gmake -f CMakeFiles/cmTryCompileExec2643231721.dir/build.make CMakeFiles/cmTryCompileExec2643231721.dir/build
gmake[1]: Entering directory `/scratch/sroy85/Software/oxDNA/build/CMakeFiles/CMakeTmp'
/usr/bin/cmake -E cmake_progress_report /scratch/sroy85/Software/oxDNA/build/CMakeFiles/CMakeTmp/CMakeFiles 1
Building CXX object CMakeFiles/cmTryCompileExec2643231721.dir/CMakeCXXCompilerABI.cpp.o
/packages/7x/gcc/gcc-9.3.0/bin/g++     -o CMakeFiles/cmTryCompileExec2643231721.dir/CMakeCXXCompilerABI.cpp.o -c /usr/share/cmake/Modules/CMakeCXXCompilerABI.cpp
Linking CXX executable cmTryCompileExec2643231721
/usr/bin/cmake -E cmake_link_script CMakeFiles/cmTryCompileExec2643231721.dir/link.txt --verbose=1
/packages/7x/gcc/gcc-9.3.0/bin/g++      -v CMakeFiles/cmTryCompileExec2643231721.dir/CMakeCXXCompilerABI.cpp.o  -o cmTryCompileExec2643231721 -rdynamic  
Using built-in specs.
COLLECT_GCC=/packages/7x/gcc/gcc-9.3.0/bin/g++
COLLECT_LTO_WRAPPER=/packages/7x/gcc/gcc-9.3.0/libexec/gcc/x86_64-pc-linux-gnu/9.3.0/lto-wrapper
Target: x86_64-pc-linux-gnu
Configured with: ../gcc-9.3.0/configure --prefix=/packages/7x/gcc/gcc-9.3.0 --enable-threads=posix --enable-shared --with-gnu-as --with-gnu-ld --enable-languages=c,c++,fortran --with-diagnostics-color=auto
Thread model: posix
gcc version 9.3.0 (GCC) 
COMPILER_PATH=/packages/7x/gcc/gcc-9.3.0/libexec/gcc/x86_64-pc-linux-gnu/9.3.0/:/packages/7x/gcc/gcc-9.3.0/libexec/gcc/x86_64-pc-linux-gnu/9.3.0/:/packages/7x/gcc/gcc-9.3.0/libexec/gcc/x86_64-pc-linux-gnu/:/packages/7x/gcc/gcc-9.3.0/lib/gcc/x86_64-pc-linux-gnu/9.3.0/:/packages/7x/gcc/gcc-9.3.0/lib/gcc/x86_64-pc-linux-gnu/
LIBRARY_PATH=/packages/7x/gcc/gcc-9.3.0/lib/gcc/x86_64-pc-linux-gnu/9.3.0/:/packages/7x/gcc/gcc-9.3.0/lib/gcc/x86_64-pc-linux-gnu/9.3.0/../../../../lib64/:/lib/../lib64/:/usr/lib/../lib64/:/packages/7x/gcc/gcc-9.3.0/lib/gcc/x86_64-pc-linux-gnu/9.3.0/../../../:/lib/:/usr/lib/
COLLECT_GCC_OPTIONS='-v' '-o' 'cmTryCompileExec2643231721' '-rdynamic' '-shared-libgcc' '-mtune=generic' '-march=x86-64'
 /packages/7x/gcc/gcc-9.3.0/libexec/gcc/x86_64-pc-linux-gnu/9.3.0/collect2 -plugin /packages/7x/gcc/gcc-9.3.0/libexec/gcc/x86_64-pc-linux-gnu/9.3.0/liblto_plugin.so -plugin-opt=/packages/7x/gcc/gcc-9.3.0/libexec/gcc/x86_64-pc-linux-gnu/9.3.0/lto-wrapper -plugin-opt=-fresolution=/tmp/ccQOQhvV.res -plugin-opt=-pass-through=-lgcc_s -plugin-opt=-pass-through=-lgcc -plugin-opt=-pass-through=-lc -plugin-opt=-pass-through=-lgcc_s -plugin-opt=-pass-through=-lgcc --eh-frame-hdr -m elf_x86_64 -export-dynamic -dynamic-linker /lib64/ld-linux-x86-64.so.2 -o cmTryCompileExec2643231721 /lib/../lib64/crt1.o /lib/../lib64/crti.o /packages/7x/gcc/gcc-9.3.0/lib/gcc/x86_64-pc-linux-gnu/9.3.0/crtbegin.o -L/packages/7x/gcc/gcc-9.3.0/lib/gcc/x86_64-pc-linux-gnu/9.3.0 -L/packages/7x/gcc/gcc-9.3.0/lib/gcc/x86_64-pc-linux-gnu/9.3.0/../../../../lib64 -L/lib/../lib64 -L/usr/lib/../lib64 -L/packages/7x/gcc/gcc-9.3.0/lib/gcc/x86_64-pc-linux-gnu/9.3.0/../../.. CMakeFiles/cmTryCompileExec2643231721.dir/CMakeCXXCompilerABI.cpp.o -lstdc++ -lm -lgcc_s -lgcc -lc -lgcc_s -lgcc /packages/7x/gcc/gcc-9.3.0/lib/gcc/x86_64-pc-linux-gnu/9.3.0/crtend.o /lib/../lib64/crtn.o
COLLECT_GCC_OPTIONS='-v' '-o' 'cmTryCompileExec2643231721' '-rdynamic' '-shared-libgcc' '-mtune=generic' '-march=x86-64'
gmake[1]: Leaving directory `/scratch/sroy85/Software/oxDNA/build/CMakeFiles/CMakeTmp'


Parsed CXX implicit link information from above output:
  link line regex: [^( *|.*[/\])(ld|([^/\]+-)?ld|collect2)[^/\]*( |$)]
  ignore line: [Change Dir: /scratch/sroy85/Software/oxDNA/build/CMakeFiles/CMakeTmp]
  ignore line: []
  ignore line: [Run Build Command:/bin/gmake "cmTryCompileExec2643231721/fast"]
  ignore line: [/bin/gmake -f CMakeFiles/cmTryCompileExec2643231721.dir/build.make CMakeFiles/cmTryCompileExec2643231721.dir/build]
  ignore line: [gmake[1]: Entering directory `/scratch/sroy85/Software/oxDNA/build/CMakeFiles/CMakeTmp']
  ignore line: [/usr/bin/cmake -E cmake_progress_report /scratch/sroy85/Software/oxDNA/build/CMakeFiles/CMakeTmp/CMakeFiles 1]
  ignore line: [Building CXX object CMakeFiles/cmTryCompileExec2643231721.dir/CMakeCXXCompilerABI.cpp.o]
  ignore line: [/packages/7x/gcc/gcc-9.3.0/bin/g++     -o CMakeFiles/cmTryCompileExec2643231721.dir/CMakeCXXCompilerABI.cpp.o -c /usr/share/cmake/Modules/CMakeCXXCompilerABI.cpp]
  ignore line: [Linking CXX executable cmTryCompileExec2643231721]
  ignore line: [/usr/bin/cmake -E cmake_link_script CMakeFiles/cmTryCompileExec2643231721.dir/link.txt --verbose=1]
  ignore line: [/packages/7x/gcc/gcc-9.3.0/bin/g++      -v CMakeFiles/cmTryCompileExec2643231721.dir/CMakeCXXCompilerABI.cpp.o  -o cmTryCompileExec2643231721 -rdynamic  ]
  ignore line: [Using built-in specs.]
  ignore line: [COLLECT_GCC=/packages/7x/gcc/gcc-9.3.0/bin/g++]
  ignore line: [COLLECT_LTO_WRAPPER=/packages/7x/gcc/gcc-9.3.0/libexec/gcc/x86_64-pc-linux-gnu/9.3.0/lto-wrapper]
  ignore line: [Target: x86_64-pc-linux-gnu]
  ignore line: [Configured with: ../gcc-9.3.0/configure --prefix=/packages/7x/gcc/gcc-9.3.0 --enable-threads=posix --enable-shared --with-gnu-as --with-gnu-ld --enable-languages=c,c++,fortran --with-diagnostics-color=auto]
  ignore line: [Thread model: posix]
  ignore line: [gcc version 9.3.0 (GCC) ]
  ignore line: [COMPILER_PATH=/packages/7x/gcc/gcc-9.3.0/libexec/gcc/x86_64-pc-linux-gnu/9.3.0/:/packages/7x/gcc/gcc-9.3.0/libexec/gcc/x86_64-pc-linux-gnu/9.3.0/:/packages/7x/gcc/gcc-9.3.0/libexec/gcc/x86_64-pc-linux-gnu/:/packages/7x/gcc/gcc-9.3.0/lib/gcc/x86_64-pc-linux-gnu/9.3.0/:/packages/7x/gcc/gcc-9.3.0/lib/gcc/x86_64-pc-linux-gnu/]
  ignore line: [LIBRARY_PATH=/packages/7x/gcc/gcc-9.3.0/lib/gcc/x86_64-pc-linux-gnu/9.3.0/:/packages/7x/gcc/gcc-9.3.0/lib/gcc/x86_64-pc-linux-gnu/9.3.0/../../../../lib64/:/lib/../lib64/:/usr/lib/../lib64/:/packages/7x/gcc/gcc-9.3.0/lib/gcc/x86_64-pc-linux-gnu/9.3.0/../../../:/lib/:/usr/lib/]
  ignore line: [COLLECT_GCC_OPTIONS='-v' '-o' 'cmTryCompileExec2643231721' '-rdynamic' '-shared-libgcc' '-mtune=generic' '-march=x86-64']
  link line: [ /packages/7x/gcc/gcc-9.3.0/libexec/gcc/x86_64-pc-linux-gnu/9.3.0/collect2 -plugin /packages/7x/gcc/gcc-9.3.0/libexec/gcc/x86_64-pc-linux-gnu/9.3.0/liblto_plugin.so -plugin-opt=/packages/7x/gcc/gcc-9.3.0/libexec/gcc/x86_64-pc-linux-gnu/9.3.0/lto-wrapper -plugin-opt=-fresolution=/tmp/ccQOQhvV.res -plugin-opt=-pass-through=-lgcc_s -plugin-opt=-pass-through=-lgcc -plugin-opt=-pass-through=-lc -plugin-opt=-pass-through=-lgcc_s -plugin-opt=-pass-through=-lgcc --eh-frame-hdr -m elf_x86_64 -export-dynamic -dynamic-linker /lib64/ld-linux-x86-64.so.2 -o cmTryCompileExec2643231721 /lib/../lib64/crt1.o /lib/../lib64/crti.o /packages/7x/gcc/gcc-9.3.0/lib/gcc/x86_64-pc-linux-gnu/9.3.0/crtbegin.o -L/packages/7x/gcc/gcc-9.3.0/lib/gcc/x86_64-pc-linux-gnu/9.3.0 -L/packages/7x/gcc/gcc-9.3.0/lib/gcc/x86_64-pc-linux-gnu/9.3.0/../../../../lib64 -L/lib/../lib64 -L/usr/lib/../lib64 -L/packages/7x/gcc/gcc-9.3.0/lib/gcc/x86_64-pc-linux-gnu/9.3.0/../../.. CMakeFiles/cmTryCompileExec2643231721.dir/CMakeCXXCompilerABI.cpp.o -lstdc++ -lm -lgcc_s -lgcc -lc -lgcc_s -lgcc /packages/7x/gcc/gcc-9.3.0/lib/gcc/x86_64-pc-linux-gnu/9.3.0/crtend.o /lib/../lib64/crtn.o]
    arg [/packages/7x/gcc/gcc-9.3.0/libexec/gcc/x86_64-pc-linux-gnu/9.3.0/collect2] ==> ignore
    arg [-plugin] ==> ignore
    arg [/packages/7x/gcc/gcc-9.3.0/libexec/gcc/x86_64-pc-linux-gnu/9.3.0/liblto_plugin.so] ==> ignore
    arg [-plugin-opt=/packages/7x/gcc/gcc-9.3.0/libexec/gcc/x86_64-pc-linux-gnu/9.3.0/lto-wrapper] ==> ignore
    arg [-plugin-opt=-fresolution=/tmp/ccQOQhvV.res] ==> ignore
    arg [-plugin-opt=-pass-through=-lgcc_s] ==> ignore
    arg [-plugin-opt=-pass-through=-lgcc] ==> ignore
    arg [-plugin-opt=-pass-through=-lc] ==> ignore
    arg [-plugin-opt=-pass-through=-lgcc_s] ==> ignore
    arg [-plugin-opt=-pass-through=-lgcc] ==> ignore
    arg [--eh-frame-hdr] ==> ignore
    arg [-m] ==> ignore
    arg [elf_x86_64] ==> ignore
    arg [-export-dynamic] ==> ignore
    arg [-dynamic-linker] ==> ignore
    arg [/lib64/ld-linux-x86-64.so.2] ==> ignore
    arg [-o] ==> ignore
    arg [cmTryCompileExec2643231721] ==> ignore
    arg [/lib/../lib64/crt1.o] ==> ignore
    arg [/lib/../lib64/crti.o] ==> ignore
    arg [/packages/7x/gcc/gcc-9.3.0/lib/gcc/x86_64-pc-linux-gnu/9.3.0/crtbegin.o] ==> ignore
    arg [-L/packages/7x/gcc/gcc-9.3.0/lib/gcc/x86_64-pc-linux-gnu/9.3.0] ==> dir [/packages/7x/gcc/gcc-9.3.0/lib/gcc/x86_64-pc-linux-gnu/9.3.0]
    arg [-L/packages/7x/gcc/gcc-9.3.0/lib/gcc/x86_64-pc-linux-gnu/9.3.0/../../../../lib64] ==> dir [/packages/7x/gcc/gcc-9.3.0/lib/gcc/x86_64-pc-linux-gnu/9.3.0/../../../../lib64]
    arg [-L/lib/../lib64] ==> dir [/lib/../lib64]
    arg [-L/usr/lib/../lib64] ==> dir [/usr/lib/../lib64]
    arg [-L/packages/7x/gcc/gcc-9.3.0/lib/gcc/x86_64-pc-linux-gnu/9.3.0/../../..] ==> dir [/packages/7x/gcc/gcc-9.3.0/lib/gcc/x86_64-pc-linux-gnu/9.3.0/../../..]
    arg [CMakeFiles/cmTryCompileExec2643231721.dir/CMakeCXXCompilerABI.cpp.o] ==> ignore
    arg [-lstdc++] ==> lib [stdc++]
    arg [-lm] ==> lib [m]
    arg [-lgcc_s] ==> lib [gcc_s]
    arg [-lgcc] ==> lib [gcc]
    arg [-lc] ==> lib [c]
    arg [-lgcc_s] ==> lib [gcc_s]
    arg [-lgcc] ==> lib [gcc]
    arg [/packages/7x/gcc/gcc-9.3.0/lib/gcc/x86_64-pc-linux-gnu/9.3.0/crtend.o] ==> ignore
    arg [/lib/../lib64/crtn.o] ==> ignore
  remove lib [gcc_s]
  remove lib [gcc]
  remove lib [gcc_s]
  remove lib [gcc]
  collapse library dir [/packages/7x/gcc/gcc-9.3.0/lib/gcc/x86_64-pc-linux-gnu/9.3.0] ==> [/packages/7x/gcc/gcc-9.3.0/lib/gcc/x86_64-pc-linux-gnu/9.3.0]
  collapse library dir [/packages/7x/gcc/gcc-9.3.0/lib/gcc/x86_64-pc-linux-gnu/9.3.0/../../../../lib64] ==> [/packages/7x/gcc/gcc-9.3.0/lib64]
  collapse library dir [/lib/../lib64] ==> [/lib64]
  collapse library dir [/usr/lib/../lib64] ==> [/usr/lib64]
  collapse library dir [/packages/7x/gcc/gcc-9.3.0/lib/gcc/x86_64-pc-linux-gnu/9.3.0/../../..] ==> [/packages/7x/gcc/gcc-9.3.0/lib]
  implicit libs: [stdc++;m;c]
  implicit dirs: [/packages/7x/gcc/gcc-9.3.0/lib/gcc/x86_64-pc-linux-gnu/9.3.0;/packages/7x/gcc/gcc-9.3.0/lib64;/lib64;/usr/lib64;/packages/7x/gcc/gcc-9.3.0/lib]
  implicit fwks: []


